[35m[Appium][39m Welcome to Appium v1.22.3
[35m[Appium][39m Non-default server args:
[35m[Appium][39m   port: 58955
[35m[Appium][39m   loglevel: info
[35m[Appium][39m   tmpDir: C:\Users\Lenovo\AppData\Local\Temp\\Katalon\Appium\Temp1679068253305
[35m[Appium][39m   chromedriverPort: 58956
[35m[Appium][39m Deprecated server args:
[35m[Appium][39m   [31m--chromedriver-port[39m => --default-capabilities
[35m[Appium][39m Default capabilities, which will be added to each request unless overridden by desired capabilities:
[35m[Appium][39m   chromedriverPort: 58956
[35m[Appium][39m Appium REST http interface listener started on 0.0.0.0:58955
[35m[HTTP][39m [37m-->[39m [37mGET[39m [37m/wd/hub/status[39m
[35m[HTTP][39m [90m{}[39m
[35m[HTTP][39m [37m<-- GET /wd/hub/status [39m[32m200[39m [90m7 ms - 68[39m
[35m[HTTP][39m [90m[39m
[35m[HTTP][39m [37m-->[39m [37mGET[39m [37m/wd/hub/status[39m
[35m[HTTP][39m [90m{}[39m
[35m[HTTP][39m [37m<-- GET /wd/hub/status [39m[32m200[39m [90m1 ms - 68[39m
[35m[HTTP][39m [90m[39m
[35m[HTTP][39m [37m-->[39m [37mPOST[39m [37m/wd/hub/session[39m
[35m[HTTP][39m [90m{"desiredCapabilities":{"appActivity":".Settings","appPackage":"com.android.settings","newCommandTimeout":1800,"platformVersion":"12","automationName":"uiautomator2","autoGrantPermissions":true,"platformName":"Android","udid":"d0f7c543","deviceName":"Xiaomi M2012K11AG (Android 12)","platform":"ANDROID","systemPort":8266},"capabilities":{"firstMatch":[{"appium:appActivity":".Settings","appium:appPackage":"com.android.settings","appium:autoGrantPermissions":true,"appium:automationName":"uiautomator2","appium:deviceName":"Xiaomi M2012K11AG (Android 12)","appium:newCommandTimeout":1800,"platform":"ANDROID","platformName":"android","appium:platformVersion":"12","appium:systemPort":8266,"appium:udid":"d0f7c543"}]}}[39m
[35m[BaseDriver][39m The following capabilities are not standard capabilities and should have an extension prefix:
[35m[BaseDriver][39m   platform
[35m[BaseDriver][39m   chromedriverPort
[35m[Appium][39m Appium v1.22.3 creating new AndroidUiautomator2Driver (v1.70.1) session
[35m[BaseDriver][39m The following capabilities were provided, but are not recognized by Appium:
[35m[BaseDriver][39m   platform
[35m[BaseDriver][39m Session created with session id: ea42a90f-a486-49fb-bb87-41d17c099e07
[35m[UiAutomator2][39m Starting 'com.android.settings' directly on the device
[35m[ADB][39m Found 1 'build-tools' folders under 'C:\Users\Lenovo\.katalon\tools\android_sdk' (newest first):
[35m[ADB][39m     C:/Users/Lenovo/.katalon/tools/android_sdk/build-tools/29.0.3
[35m[ADB][39m Using 'adb.exe' from 'C:\Users\Lenovo\.katalon\tools\android_sdk\platform-tools\adb.exe'
[35m[AndroidDriver][39m Retrieving device list
[35m[AndroidDriver][39m Using device: d0f7c543
[35m[ADB][39m Using 'adb.exe' from 'C:\Users\Lenovo\.katalon\tools\android_sdk\platform-tools\adb.exe'
[35m[ADB][39m Getting device platform version
[35m[UiAutomator2][39m Relaxing hidden api policy
[35m[AndroidDriver][39m No app sent in, not parsing package/activity
[35m[ADB][39m Using 'apksigner.jar' from 'C:\Users\Lenovo\.katalon\tools\android_sdk\build-tools\29.0.3\lib\apksigner.jar'
[35m[ADB][39m 'C:\Users\Lenovo\AppData\Roaming\npm\node_modules\appium\node_modules\appium-uiautomator2-server\apks\appium-uiautomator2-server-v4.27.0.apk' is signed with the default certificate
[35m[ADB][39m 'C:\Users\Lenovo\AppData\Roaming\npm\node_modules\appium\node_modules\appium-uiautomator2-server\apks\appium-uiautomator2-server-debug-androidTest.apk' is signed with the default certificate
[35m[UiAutomator2][39m Server packages are not going to be (re)installed
[35m[ADB][39m Adding packages ["io.appium.settings","io.appium.uiautomator2.server","io.appium.uiautomator2.server.test"] to Doze whitelist
[35m[UiAutomator2][39m Starting UIAutomator2 server 4.27.0
[35m[UiAutomator2][39m Using UIAutomator2 server from 'C:\Users\Lenovo\AppData\Roaming\npm\node_modules\appium\node_modules\appium-uiautomator2-server\apks\appium-uiautomator2-server-v4.27.0.apk' and test from 'C:\Users\Lenovo\AppData\Roaming\npm\node_modules\appium\node_modules\appium-uiautomator2-server\apks\appium-uiautomator2-server-debug-androidTest.apk'
[35m[UiAutomator2][39m Waiting up to 30000ms for UiAutomator2 to be online...
[35m[WD Proxy][39m socket hang up
[35m[WD Proxy][39m socket hang up
[35m[WD Proxy][39m socket hang up
[35m[WD Proxy][39m socket hang up
[35m[WD Proxy][39m Determined the downstream protocol as 'W3C'
[35m[AndroidDriver][39m Screen already unlocked, doing nothing
[35m[UiAutomator2][39m Starting 'com.android.settings/.Settings and waiting for 'com.android.settings/.Settings'
[35m[Appium][39m New AndroidUiautomator2Driver session created successfully, session ea42a90f-a486-49fb-bb87-41d17c099e07 added to master session list
[35m[HTTP][39m [37m<-- POST /wd/hub/session [39m[32m200[39m [90m10132 ms - 1147[39m
[35m[HTTP][39m [90m[39m
[35m[HTTP][39m [37m-->[39m [37mGET[39m [37m/wd/hub/session/ea42a90f-a486-49fb-bb87-41d17c099e07[39m
[35m[HTTP][39m [90m{}[39m
[35m[HTTP][39m [37m<-- GET /wd/hub/session/ea42a90f-a486-49fb-bb87-41d17c099e07 [39m[32m200[39m [90m8 ms - 1101[39m
[35m[HTTP][39m [90m[39m
[35m[HTTP][39m [37m-->[39m [37mGET[39m [37m/wd/hub/session/ea42a90f-a486-49fb-bb87-41d17c099e07[39m
[35m[HTTP][39m [90m{}[39m
[35m[HTTP][39m [37m<-- GET /wd/hub/session/ea42a90f-a486-49fb-bb87-41d17c099e07 [39m[32m200[39m [90m7 ms - 1101[39m
[35m[HTTP][39m [90m[39m
[35m[HTTP][39m [37m-->[39m [37mGET[39m [37m/wd/hub/status[39m
[35m[HTTP][39m [90m{}[39m
[35m[HTTP][39m [37m<-- GET /wd/hub/status [39m[32m200[39m [90m1 ms - 68[39m
[35m[HTTP][39m [90m[39m
[35m[HTTP][39m [37m-->[39m [37mPOST[39m [37m/wd/hub/session/ea42a90f-a486-49fb-bb87-41d17c099e07/timeouts[39m
[35m[HTTP][39m [90m{"implicit":60000}[39m
[35m[HTTP][39m [37m<-- POST /wd/hub/session/ea42a90f-a486-49fb-bb87-41d17c099e07/timeouts [39m[32m200[39m [90m4 ms - 14[39m
[35m[HTTP][39m [90m[39m
[35m[HTTP][39m [37m-->[39m [37mGET[39m [37m/wd/hub/session/ea42a90f-a486-49fb-bb87-41d17c099e07/screenshot[39m
[35m[HTTP][39m [90m{}[39m
[35m[HTTP][39m [37m<-- GET /wd/hub/session/ea42a90f-a486-49fb-bb87-41d17c099e07/screenshot [39m[32m200[39m [90m228 ms - 217978[39m
[35m[HTTP][39m [90m[39m
[35m[HTTP][39m [37m-->[39m [37mGET[39m [37m/wd/hub/session/ea42a90f-a486-49fb-bb87-41d17c099e07/window/rect[39m
[35m[HTTP][39m [90m{}[39m
[35m[HTTP][39m [37m<-- GET /wd/hub/session/ea42a90f-a486-49fb-bb87-41d17c099e07/window/rect [39m[32m200[39m [90m15 ms - 50[39m
[35m[HTTP][39m [90m[39m
[35m[HTTP][39m [37m-->[39m [37mGET[39m [37m/wd/hub/session/ea42a90f-a486-49fb-bb87-41d17c099e07/appium/device/system_bars[39m
[35m[HTTP][39m [90m{}[39m
[35m[HTTP][39m [37m<-- GET /wd/hub/session/ea42a90f-a486-49fb-bb87-41d17c099e07/appium/device/system_bars [39m[32m200[39m [90m81 ms - 145[39m
[35m[HTTP][39m [90m[39m
[35m[HTTP][39m [37m-->[39m [37mPOST[39m [37m/wd/hub/session/ea42a90f-a486-49fb-bb87-41d17c099e07/appium/device/activate_app[39m
[35m[HTTP][39m [90m{"bundleId":"com.loginmodule.learning"}[39m
[35m[HTTP][39m [37m<-- POST /wd/hub/session/ea42a90f-a486-49fb-bb87-41d17c099e07/appium/device/activate_app [39m[32m200[39m [90m2198 ms - 14[39m
[35m[HTTP][39m [90m[39m
[35m[HTTP][39m [37m-->[39m [37mGET[39m [37m/wd/hub/session/ea42a90f-a486-49fb-bb87-41d17c099e07/source[39m
[35m[HTTP][39m [90m{}[39m
[35m[W3C (ea42a90f)][39m Driver proxy active, passing request on via HTTP proxy
[35m[WD Proxy][39m Replacing sessionId 3f30cae5-7ef0-40ef-a326-4e605496fffa with ea42a90f-a486-49fb-bb87-41d17c099e07
[35m[HTTP][39m [37m<-- GET /wd/hub/session/ea42a90f-a486-49fb-bb87-41d17c099e07/source [39m[32m200[39m [90m449 ms - 7007[39m
[35m[HTTP][39m [90m[39m
[35m[HTTP][39m [37m-->[39m [37mGET[39m [37m/wd/hub/session/ea42a90f-a486-49fb-bb87-41d17c099e07/screenshot[39m
[35m[HTTP][39m [90m{}[39m
[35m[HTTP][39m [37m<-- GET /wd/hub/session/ea42a90f-a486-49fb-bb87-41d17c099e07/screenshot [39m[32m200[39m [90m316 ms - 118864[39m
[35m[HTTP][39m [90m[39m
[35m[HTTP][39m [37m-->[39m [37mPOST[39m [37m/wd/hub/session/ea42a90f-a486-49fb-bb87-41d17c099e07/elements[39m
[35m[HTTP][39m [90m{"using":"xpath","value":"//*[@class = 'android.widget.EditText' and (@text = 'test001@mailnesia.com' or . = 'test001@mailnesia.com') and @resource-id = 'com.loginmodule.learning:id/textInputEditTextEmail']"}[39m
[35m[HTTP][39m [37m<-- POST /wd/hub/session/ea42a90f-a486-49fb-bb87-41d17c099e07/elements [39m[32m200[39m [90m223 ms - 139[39m
[35m[HTTP][39m [90m[39m
[35m[HTTP][39m [37m-->[39m [37mGET[39m [37m/wd/hub/session/ea42a90f-a486-49fb-bb87-41d17c099e07/window/rect[39m
[35m[HTTP][39m [90m{}[39m
[35m[HTTP][39m [37m<-- GET /wd/hub/session/ea42a90f-a486-49fb-bb87-41d17c099e07/window/rect [39m[32m200[39m [90m15 ms - 50[39m
[35m[HTTP][39m [90m[39m
[35m[HTTP][39m [37m-->[39m [37mPOST[39m [37m/wd/hub/session/ea42a90f-a486-49fb-bb87-41d17c099e07/elements[39m
[35m[HTTP][39m [90m{"using":"xpath","value":"//*[@class = 'android.widget.EditText' and (@text = 'test001@mailnesia.com' or . = 'test001@mailnesia.com') and @resource-id = 'com.loginmodule.learning:id/textInputEditTextEmail']"}[39m
[35m[HTTP][39m [37m<-- POST /wd/hub/session/ea42a90f-a486-49fb-bb87-41d17c099e07/elements [39m[32m200[39m [90m58 ms - 139[39m
[35m[HTTP][39m [90m[39m
[35m[HTTP][39m [37m-->[39m [37mGET[39m [37m/wd/hub/session/ea42a90f-a486-49fb-bb87-41d17c099e07/element/00000000-0000-01b8-ffff-ffff00000009/location[39m
[35m[HTTP][39m [90m{}[39m
[35m[W3C (ea42a90f)][39m Driver proxy active, passing request on via HTTP proxy
[35m[WD Proxy][39m Replacing sessionId 3f30cae5-7ef0-40ef-a326-4e605496fffa with ea42a90f-a486-49fb-bb87-41d17c099e07
[35m[HTTP][39m [37m<-- GET /wd/hub/session/ea42a90f-a486-49fb-bb87-41d17c099e07/element/00000000-0000-01b8-ffff-ffff00000009/location [39m[32m200[39m [90m25 ms - 77[39m
[35m[HTTP][39m [90m[39m
[35m[HTTP][39m [37m-->[39m [37mPOST[39m [37m/wd/hub/session/ea42a90f-a486-49fb-bb87-41d17c099e07/element/00000000-0000-01b8-ffff-ffff00000009/click[39m
[35m[HTTP][39m [90m{"id":"00000000-0000-01b8-ffff-ffff00000009"}[39m
[35m[HTTP][39m [37m<-- POST /wd/hub/session/ea42a90f-a486-49fb-bb87-41d17c099e07/element/00000000-0000-01b8-ffff-ffff00000009/click [39m[32m200[39m [90m86 ms - 14[39m
[35m[HTTP][39m [90m[39m
[35m[HTTP][39m [37m-->[39m [37mGET[39m [37m/wd/hub/session/ea42a90f-a486-49fb-bb87-41d17c099e07/source[39m
[35m[HTTP][39m [90m{}[39m
[35m[W3C (ea42a90f)][39m Driver proxy active, passing request on via HTTP proxy
[35m[WD Proxy][39m Replacing sessionId 3f30cae5-7ef0-40ef-a326-4e605496fffa with ea42a90f-a486-49fb-bb87-41d17c099e07
[35m[HTTP][39m [37m<-- GET /wd/hub/session/ea42a90f-a486-49fb-bb87-41d17c099e07/source [39m[32m200[39m [90m539 ms - 6530[39m
[35m[HTTP][39m [90m[39m
[35m[HTTP][39m [37m-->[39m [37mGET[39m [37m/wd/hub/session/ea42a90f-a486-49fb-bb87-41d17c099e07/screenshot[39m
[35m[HTTP][39m [90m{}[39m
[35m[HTTP][39m [37m<-- GET /wd/hub/session/ea42a90f-a486-49fb-bb87-41d17c099e07/screenshot [39m[32m200[39m [90m419 ms - 274290[39m
[35m[HTTP][39m [90m[39m
[35m[HTTP][39m [37m-->[39m [37mPOST[39m [37m/wd/hub/session/ea42a90f-a486-49fb-bb87-41d17c099e07/elements[39m
[35m[HTTP][39m [90m{"using":"xpath","value":"//*[@class = 'android.widget.EditText' and (@text = 'test001@mailnesia.com' or . = 'test001@mailnesia.com') and @resource-id = 'com.loginmodule.learning:id/textInputEditTextEmail']"}[39m
[35m[HTTP][39m [37m<-- POST /wd/hub/session/ea42a90f-a486-49fb-bb87-41d17c099e07/elements [39m[32m200[39m [90m99 ms - 139[39m
[35m[HTTP][39m [90m[39m
[35m[HTTP][39m [37m-->[39m [37mGET[39m [37m/wd/hub/session/ea42a90f-a486-49fb-bb87-41d17c099e07/window/rect[39m
[35m[HTTP][39m [90m{}[39m
[35m[HTTP][39m [37m<-- GET /wd/hub/session/ea42a90f-a486-49fb-bb87-41d17c099e07/window/rect [39m[32m200[39m [90m18 ms - 50[39m
[35m[HTTP][39m [90m[39m
[35m[HTTP][39m [37m-->[39m [37mPOST[39m [37m/wd/hub/session/ea42a90f-a486-49fb-bb87-41d17c099e07/elements[39m
[35m[HTTP][39m [90m{"using":"xpath","value":"//*[@class = 'android.widget.EditText' and (@text = 'test001@mailnesia.com' or . = 'test001@mailnesia.com') and @resource-id = 'com.loginmodule.learning:id/textInputEditTextEmail']"}[39m
[35m[HTTP][39m [37m<-- POST /wd/hub/session/ea42a90f-a486-49fb-bb87-41d17c099e07/elements [39m[32m200[39m [90m97 ms - 139[39m
[35m[HTTP][39m [90m[39m
[35m[HTTP][39m [37m-->[39m [37mGET[39m [37m/wd/hub/session/ea42a90f-a486-49fb-bb87-41d17c099e07/element/00000000-0000-01b8-ffff-ffff00000009/location[39m
[35m[HTTP][39m [90m{}[39m
[35m[W3C (ea42a90f)][39m Driver proxy active, passing request on via HTTP proxy
[35m[WD Proxy][39m Replacing sessionId 3f30cae5-7ef0-40ef-a326-4e605496fffa with ea42a90f-a486-49fb-bb87-41d17c099e07
[35m[HTTP][39m [37m<-- GET /wd/hub/session/ea42a90f-a486-49fb-bb87-41d17c099e07/element/00000000-0000-01b8-ffff-ffff00000009/location [39m[32m200[39m [90m24 ms - 77[39m
[35m[HTTP][39m [90m[39m
[35m[HTTP][39m [37m-->[39m [37mPOST[39m [37m/wd/hub/session/ea42a90f-a486-49fb-bb87-41d17c099e07/element/00000000-0000-01b8-ffff-ffff00000009/value[39m
[35m[HTTP][39m [90m{"id":"00000000-0000-01b8-ffff-ffff00000009","text":"test01@mailnesia.com","value":["t","e","s","t","0","1","@","m","a","i","l","n","e","s","i","a",".","c","o","m"]}[39m
[35m[HTTP][39m [37m<-- POST /wd/hub/session/ea42a90f-a486-49fb-bb87-41d17c099e07/element/00000000-0000-01b8-ffff-ffff00000009/value [39m[32m200[39m [90m702 ms - 14[39m
[35m[HTTP][39m [90m[39m
[35m[HTTP][39m [37m-->[39m [37mGET[39m [37m/wd/hub/session/ea42a90f-a486-49fb-bb87-41d17c099e07/source[39m
[35m[HTTP][39m [90m{}[39m
[35m[W3C (ea42a90f)][39m Driver proxy active, passing request on via HTTP proxy
[35m[WD Proxy][39m Replacing sessionId 3f30cae5-7ef0-40ef-a326-4e605496fffa with ea42a90f-a486-49fb-bb87-41d17c099e07
[35m[HTTP][39m [37m<-- GET /wd/hub/session/ea42a90f-a486-49fb-bb87-41d17c099e07/source [39m[32m200[39m [90m76 ms - 6550[39m
[35m[HTTP][39m [90m[39m
[35m[HTTP][39m [37m-->[39m [37mGET[39m [37m/wd/hub/session/ea42a90f-a486-49fb-bb87-41d17c099e07/screenshot[39m
[35m[HTTP][39m [90m{}[39m
[35m[HTTP][39m [37m<-- GET /wd/hub/session/ea42a90f-a486-49fb-bb87-41d17c099e07/screenshot [39m[32m200[39m [90m396 ms - 272652[39m
[35m[HTTP][39m [90m[39m
[35m[HTTP][39m [37m-->[39m [37mPOST[39m [37m/wd/hub/session/ea42a90f-a486-49fb-bb87-41d17c099e07/elements[39m
[35m[HTTP][39m [90m{"using":"xpath","value":"//*[@class = 'android.widget.EditText' and (@text = '••••••' or . = '••••••') and @resource-id = 'com.loginmodule.learning:id/textInputEditTextPassword']"}[39m
[35m[HTTP][39m [37m<-- POST /wd/hub/session/ea42a90f-a486-49fb-bb87-41d17c099e07/elements [39m[32m200[39m [90m85 ms - 139[39m
[35m[HTTP][39m [90m[39m
[35m[HTTP][39m [37m-->[39m [37mGET[39m [37m/wd/hub/session/ea42a90f-a486-49fb-bb87-41d17c099e07/window/rect[39m
[35m[HTTP][39m [90m{}[39m
[35m[HTTP][39m [37m<-- GET /wd/hub/session/ea42a90f-a486-49fb-bb87-41d17c099e07/window/rect [39m[32m200[39m [90m14 ms - 50[39m
[35m[HTTP][39m [90m[39m
[35m[HTTP][39m [37m-->[39m [37mPOST[39m [37m/wd/hub/session/ea42a90f-a486-49fb-bb87-41d17c099e07/elements[39m
[35m[HTTP][39m [90m{"using":"xpath","value":"//*[@class = 'android.widget.EditText' and (@text = '••••••' or . = '••••••') and @resource-id = 'com.loginmodule.learning:id/textInputEditTextPassword']"}[39m
[35m[HTTP][39m [37m<-- POST /wd/hub/session/ea42a90f-a486-49fb-bb87-41d17c099e07/elements [39m[32m200[39m [90m95 ms - 139[39m
[35m[HTTP][39m [90m[39m
[35m[HTTP][39m [37m-->[39m [37mGET[39m [37m/wd/hub/session/ea42a90f-a486-49fb-bb87-41d17c099e07/element/00000000-0000-01b8-ffff-ffff0000000b/location[39m
[35m[HTTP][39m [90m{}[39m
[35m[W3C (ea42a90f)][39m Driver proxy active, passing request on via HTTP proxy
[35m[WD Proxy][39m Replacing sessionId 3f30cae5-7ef0-40ef-a326-4e605496fffa with ea42a90f-a486-49fb-bb87-41d17c099e07
[35m[HTTP][39m [37m<-- GET /wd/hub/session/ea42a90f-a486-49fb-bb87-41d17c099e07/element/00000000-0000-01b8-ffff-ffff0000000b/location [39m[32m200[39m [90m18 ms - 78[39m
[35m[HTTP][39m [90m[39m
[35m[HTTP][39m [37m-->[39m [37mPOST[39m [37m/wd/hub/session/ea42a90f-a486-49fb-bb87-41d17c099e07/element/00000000-0000-01b8-ffff-ffff0000000b/click[39m
[35m[HTTP][39m [90m{"id":"00000000-0000-01b8-ffff-ffff0000000b"}[39m
[35m[HTTP][39m [37m<-- POST /wd/hub/session/ea42a90f-a486-49fb-bb87-41d17c099e07/element/00000000-0000-01b8-ffff-ffff0000000b/click [39m[32m200[39m [90m81 ms - 14[39m
[35m[HTTP][39m [90m[39m
[35m[HTTP][39m [37m-->[39m [37mGET[39m [37m/wd/hub/session/ea42a90f-a486-49fb-bb87-41d17c099e07/source[39m
[35m[HTTP][39m [90m{}[39m
[35m[W3C (ea42a90f)][39m Driver proxy active, passing request on via HTTP proxy
[35m[WD Proxy][39m Replacing sessionId 3f30cae5-7ef0-40ef-a326-4e605496fffa with ea42a90f-a486-49fb-bb87-41d17c099e07
[35m[HTTP][39m [37m<-- GET /wd/hub/session/ea42a90f-a486-49fb-bb87-41d17c099e07/source [39m[32m200[39m [90m69 ms - 6550[39m
[35m[HTTP][39m [90m[39m
[35m[HTTP][39m [37m-->[39m [37mGET[39m [37m/wd/hub/session/ea42a90f-a486-49fb-bb87-41d17c099e07/screenshot[39m
[35m[HTTP][39m [90m{}[39m
[35m[HTTP][39m [37m<-- GET /wd/hub/session/ea42a90f-a486-49fb-bb87-41d17c099e07/screenshot [39m[32m200[39m [90m401 ms - 278404[39m
[35m[HTTP][39m [90m[39m
[35m[HTTP][39m [37m-->[39m [37mPOST[39m [37m/wd/hub/session/ea42a90f-a486-49fb-bb87-41d17c099e07/elements[39m
[35m[HTTP][39m [90m{"using":"xpath","value":"//*[@class = 'android.widget.EditText' and (@text = '••••••' or . = '••••••') and @resource-id = 'com.loginmodule.learning:id/textInputEditTextPassword']"}[39m
[35m[HTTP][39m [37m<-- POST /wd/hub/session/ea42a90f-a486-49fb-bb87-41d17c099e07/elements [39m[32m200[39m [90m101 ms - 139[39m
[35m[HTTP][39m [90m[39m
[35m[HTTP][39m [37m-->[39m [37mGET[39m [37m/wd/hub/session/ea42a90f-a486-49fb-bb87-41d17c099e07/window/rect[39m
[35m[HTTP][39m [90m{}[39m
[35m[HTTP][39m [37m<-- GET /wd/hub/session/ea42a90f-a486-49fb-bb87-41d17c099e07/window/rect [39m[32m200[39m [90m22 ms - 50[39m
[35m[HTTP][39m [90m[39m
[35m[HTTP][39m [37m-->[39m [37mPOST[39m [37m/wd/hub/session/ea42a90f-a486-49fb-bb87-41d17c099e07/elements[39m
[35m[HTTP][39m [90m{"using":"xpath","value":"//*[@class = 'android.widget.EditText' and (@text = '••••••' or . = '••••••') and @resource-id = 'com.loginmodule.learning:id/textInputEditTextPassword']"}[39m
[35m[HTTP][39m [37m<-- POST /wd/hub/session/ea42a90f-a486-49fb-bb87-41d17c099e07/elements [39m[32m200[39m [90m95 ms - 139[39m
[35m[HTTP][39m [90m[39m
[35m[HTTP][39m [37m-->[39m [37mGET[39m [37m/wd/hub/session/ea42a90f-a486-49fb-bb87-41d17c099e07/element/00000000-0000-01b8-ffff-ffff0000000b/location[39m
[35m[HTTP][39m [90m{}[39m
[35m[W3C (ea42a90f)][39m Driver proxy active, passing request on via HTTP proxy
[35m[WD Proxy][39m Replacing sessionId 3f30cae5-7ef0-40ef-a326-4e605496fffa with ea42a90f-a486-49fb-bb87-41d17c099e07
[35m[HTTP][39m [37m<-- GET /wd/hub/session/ea42a90f-a486-49fb-bb87-41d17c099e07/element/00000000-0000-01b8-ffff-ffff0000000b/location [39m[32m200[39m [90m20 ms - 78[39m
[35m[HTTP][39m [90m[39m
[35m[HTTP][39m [37m-->[39m [37mPOST[39m [37m/wd/hub/session/ea42a90f-a486-49fb-bb87-41d17c099e07/element/00000000-0000-01b8-ffff-ffff0000000b/value[39m
[35m[HTTP][39m [90m{"id":"00000000-0000-01b8-ffff-ffff0000000b","text":"test001","value":["t","e","s","t","0","0","1"]}[39m
[35m[HTTP][39m [37m<-- POST /wd/hub/session/ea42a90f-a486-49fb-bb87-41d17c099e07/element/00000000-0000-01b8-ffff-ffff0000000b/value [39m[32m200[39m [90m66 ms - 14[39m
[35m[HTTP][39m [90m[39m
[35m[HTTP][39m [37m-->[39m [37mGET[39m [37m/wd/hub/session/ea42a90f-a486-49fb-bb87-41d17c099e07/source[39m
[35m[HTTP][39m [90m{}[39m
[35m[W3C (ea42a90f)][39m Driver proxy active, passing request on via HTTP proxy
[35m[WD Proxy][39m Replacing sessionId 3f30cae5-7ef0-40ef-a326-4e605496fffa with ea42a90f-a486-49fb-bb87-41d17c099e07
[35m[HTTP][39m [37m<-- GET /wd/hub/session/ea42a90f-a486-49fb-bb87-41d17c099e07/source [39m[32m200[39m [90m75 ms - 6571[39m
[35m[HTTP][39m [90m[39m
[35m[HTTP][39m [37m-->[39m [37mGET[39m [37m/wd/hub/session/ea42a90f-a486-49fb-bb87-41d17c099e07/screenshot[39m
[35m[HTTP][39m [90m{}[39m
[35m[HTTP][39m [37m<-- GET /wd/hub/session/ea42a90f-a486-49fb-bb87-41d17c099e07/screenshot [39m[32m200[39m [90m399 ms - 276100[39m
[35m[HTTP][39m [90m[39m
[35m[HTTP][39m [37m-->[39m [37mGET[39m [37m/wd/hub/session/ea42a90f-a486-49fb-bb87-41d17c099e07/context[39m
[35m[HTTP][39m [90m{}[39m
[35m[HTTP][39m [37m<-- GET /wd/hub/session/ea42a90f-a486-49fb-bb87-41d17c099e07/context [39m[32m200[39m [90m1 ms - 22[39m
[35m[HTTP][39m [90m[39m
[35m[HTTP][39m [37m-->[39m [37mGET[39m [37m/wd/hub/session/ea42a90f-a486-49fb-bb87-41d17c099e07/contexts[39m
[35m[HTTP][39m [90m{}[39m
[35m[HTTP][39m [37m<-- GET /wd/hub/session/ea42a90f-a486-49fb-bb87-41d17c099e07/contexts [39m[32m200[39m [90m204 ms - 41[39m
[35m[HTTP][39m [90m[39m
[35m[HTTP][39m [37m-->[39m [37mPOST[39m [37m/wd/hub/session/ea42a90f-a486-49fb-bb87-41d17c099e07/context[39m
[35m[HTTP][39m [90m{"name":"NATIVE_APP"}[39m
[35m[HTTP][39m [37m<-- POST /wd/hub/session/ea42a90f-a486-49fb-bb87-41d17c099e07/context [39m[32m200[39m [90m1 ms - 14[39m
[35m[HTTP][39m [90m[39m
[35m[HTTP][39m [37m-->[39m [37mPOST[39m [37m/wd/hub/session/ea42a90f-a486-49fb-bb87-41d17c099e07/appium/device/hide_keyboard[39m
[35m[HTTP][39m [90m{}[39m
[35m[HTTP][39m [37m<-- POST /wd/hub/session/ea42a90f-a486-49fb-bb87-41d17c099e07/appium/device/hide_keyboard [39m[32m200[39m [90m1594 ms - 14[39m
[35m[HTTP][39m [90m[39m
[35m[HTTP][39m [37m-->[39m [37mPOST[39m [37m/wd/hub/session/ea42a90f-a486-49fb-bb87-41d17c099e07/context[39m
[35m[HTTP][39m [90m{"name":"NATIVE_APP"}[39m
[35m[HTTP][39m [37m<-- POST /wd/hub/session/ea42a90f-a486-49fb-bb87-41d17c099e07/context [39m[32m200[39m [90m2 ms - 14[39m
[35m[HTTP][39m [90m[39m
[35m[HTTP][39m [37m-->[39m [37mGET[39m [37m/wd/hub/session/ea42a90f-a486-49fb-bb87-41d17c099e07/source[39m
[35m[HTTP][39m [90m{}[39m
[35m[W3C (ea42a90f)][39m Driver proxy active, passing request on via HTTP proxy
[35m[WD Proxy][39m Replacing sessionId 3f30cae5-7ef0-40ef-a326-4e605496fffa with ea42a90f-a486-49fb-bb87-41d17c099e07
[35m[HTTP][39m [37m<-- GET /wd/hub/session/ea42a90f-a486-49fb-bb87-41d17c099e07/source [39m[32m200[39m [90m36 ms - 7048[39m
[35m[HTTP][39m [90m[39m
[35m[HTTP][39m [37m-->[39m [37mGET[39m [37m/wd/hub/session/ea42a90f-a486-49fb-bb87-41d17c099e07/screenshot[39m
[35m[HTTP][39m [90m{}[39m
[35m[HTTP][39m [37m<-- GET /wd/hub/session/ea42a90f-a486-49fb-bb87-41d17c099e07/screenshot [39m[32m200[39m [90m305 ms - 116492[39m
[35m[HTTP][39m [90m[39m
[35m[HTTP][39m [37m-->[39m [37mPOST[39m [37m/wd/hub/session/ea42a90f-a486-49fb-bb87-41d17c099e07/elements[39m
[35m[HTTP][39m [90m{"using":"xpath","value":"//*[@class = 'android.widget.Button' and (@text = 'LOGIN' or . = 'LOGIN') and @resource-id = 'com.loginmodule.learning:id/appCompatButtonLogin']"}[39m
[35m[HTTP][39m [37m<-- POST /wd/hub/session/ea42a90f-a486-49fb-bb87-41d17c099e07/elements [39m[32m200[39m [90m83 ms - 139[39m
[35m[HTTP][39m [90m[39m
[35m[HTTP][39m [37m-->[39m [37mGET[39m [37m/wd/hub/session/ea42a90f-a486-49fb-bb87-41d17c099e07/window/rect[39m
[35m[HTTP][39m [90m{}[39m
[35m[HTTP][39m [37m<-- GET /wd/hub/session/ea42a90f-a486-49fb-bb87-41d17c099e07/window/rect [39m[32m200[39m [90m10 ms - 50[39m
[35m[HTTP][39m [90m[39m
[35m[HTTP][39m [37m-->[39m [37mPOST[39m [37m/wd/hub/session/ea42a90f-a486-49fb-bb87-41d17c099e07/elements[39m
[35m[HTTP][39m [90m{"using":"xpath","value":"//*[@class = 'android.widget.Button' and (@text = 'LOGIN' or . = 'LOGIN') and @resource-id = 'com.loginmodule.learning:id/appCompatButtonLogin']"}[39m
[35m[HTTP][39m [37m<-- POST /wd/hub/session/ea42a90f-a486-49fb-bb87-41d17c099e07/elements [39m[32m200[39m [90m79 ms - 139[39m
[35m[HTTP][39m [90m[39m
[35m[HTTP][39m [37m-->[39m [37mGET[39m [37m/wd/hub/session/ea42a90f-a486-49fb-bb87-41d17c099e07/element/00000000-0000-01b8-ffff-ffff0000000c/location[39m
[35m[HTTP][39m [90m{}[39m
[35m[W3C (ea42a90f)][39m Driver proxy active, passing request on via HTTP proxy
[35m[WD Proxy][39m Replacing sessionId 3f30cae5-7ef0-40ef-a326-4e605496fffa with ea42a90f-a486-49fb-bb87-41d17c099e07
[35m[HTTP][39m [37m<-- GET /wd/hub/session/ea42a90f-a486-49fb-bb87-41d17c099e07/element/00000000-0000-01b8-ffff-ffff0000000c/location [39m[32m200[39m [90m11 ms - 78[39m
[35m[HTTP][39m [90m[39m
[35m[HTTP][39m [37m-->[39m [37mPOST[39m [37m/wd/hub/session/ea42a90f-a486-49fb-bb87-41d17c099e07/element/00000000-0000-01b8-ffff-ffff0000000c/click[39m
[35m[HTTP][39m [90m{"id":"00000000-0000-01b8-ffff-ffff0000000c"}[39m
[35m[HTTP][39m [37m<-- POST /wd/hub/session/ea42a90f-a486-49fb-bb87-41d17c099e07/element/00000000-0000-01b8-ffff-ffff0000000c/click [39m[32m200[39m [90m667 ms - 14[39m
[35m[HTTP][39m [90m[39m
[35m[HTTP][39m [37m-->[39m [37mGET[39m [37m/wd/hub/session/ea42a90f-a486-49fb-bb87-41d17c099e07/source[39m
[35m[HTTP][39m [90m{}[39m
[35m[W3C (ea42a90f)][39m Driver proxy active, passing request on via HTTP proxy
[35m[WD Proxy][39m Replacing sessionId 3f30cae5-7ef0-40ef-a326-4e605496fffa with ea42a90f-a486-49fb-bb87-41d17c099e07
[35m[HTTP][39m [37m<-- GET /wd/hub/session/ea42a90f-a486-49fb-bb87-41d17c099e07/source [39m[32m200[39m [90m68 ms - 7904[39m
[35m[HTTP][39m [90m[39m
[35m[HTTP][39m [37m-->[39m [37mGET[39m [37m/wd/hub/session/ea42a90f-a486-49fb-bb87-41d17c099e07/screenshot[39m
[35m[HTTP][39m [90m{}[39m
[35m[HTTP][39m [37m<-- GET /wd/hub/session/ea42a90f-a486-49fb-bb87-41d17c099e07/screenshot [39m[32m200[39m [90m349 ms - 120642[39m
[35m[HTTP][39m [90m[39m
[35m[HTTP][39m [37m-->[39m [37mPOST[39m [37m/wd/hub/session/ea42a90f-a486-49fb-bb87-41d17c099e07/elements[39m
[35m[HTTP][39m [90m{"using":"xpath","value":"//*[@class = 'android.widget.EditText' and (@text = 'test001@mailnesia.comtest01@mailnesia.com' or . = 'test001@mailnesia.comtest01@mailnesia.com') and @resource-id = 'com.loginmodule.learning:id/textInputEditTextEmail']"}[39m
[35m[HTTP][39m [37m<-- POST /wd/hub/session/ea42a90f-a486-49fb-bb87-41d17c099e07/elements [39m[32m200[39m [90m60069 ms - 12[39m
[35m[HTTP][39m [90m[39m
[35m[HTTP][39m [37m-->[39m [37mPOST[39m [37m/wd/hub/session/ea42a90f-a486-49fb-bb87-41d17c099e07/elements[39m
[35m[HTTP][39m [90m{"using":"id","value":"com.loginmodule.learning:id/textInputEditTextEmail"}[39m
[35m[HTTP][39m [37m<-- POST /wd/hub/session/ea42a90f-a486-49fb-bb87-41d17c099e07/elements [39m[32m200[39m [90m45 ms - 139[39m
[35m[HTTP][39m [90m[39m
[35m[HTTP][39m [37m-->[39m [37mGET[39m [37m/wd/hub/session/ea42a90f-a486-49fb-bb87-41d17c099e07/window/rect[39m
[35m[HTTP][39m [90m{}[39m
[35m[HTTP][39m [37m<-- GET /wd/hub/session/ea42a90f-a486-49fb-bb87-41d17c099e07/window/rect [39m[32m200[39m [90m13 ms - 50[39m
[35m[HTTP][39m [90m[39m
[35m[HTTP][39m [37m-->[39m [37mPOST[39m [37m/wd/hub/session/ea42a90f-a486-49fb-bb87-41d17c099e07/elements[39m
[35m[HTTP][39m [90m{"using":"id","value":"com.loginmodule.learning:id/textInputEditTextEmail"}[39m
[35m[HTTP][39m [37m<-- POST /wd/hub/session/ea42a90f-a486-49fb-bb87-41d17c099e07/elements [39m[32m200[39m [90m60 ms - 139[39m
[35m[HTTP][39m [90m[39m
[35m[HTTP][39m [37m-->[39m [37mGET[39m [37m/wd/hub/session/ea42a90f-a486-49fb-bb87-41d17c099e07/element/00000000-0000-01b8-ffff-ffff00000009/location[39m
[35m[HTTP][39m [90m{}[39m
[35m[W3C (ea42a90f)][39m Driver proxy active, passing request on via HTTP proxy
[35m[WD Proxy][39m Replacing sessionId 3f30cae5-7ef0-40ef-a326-4e605496fffa with ea42a90f-a486-49fb-bb87-41d17c099e07
[35m[HTTP][39m [37m<-- GET /wd/hub/session/ea42a90f-a486-49fb-bb87-41d17c099e07/element/00000000-0000-01b8-ffff-ffff00000009/location [39m[32m200[39m [90m34 ms - 77[39m
[35m[HTTP][39m [90m[39m
[35m[HTTP][39m [37m-->[39m [37mPOST[39m [37m/wd/hub/session/ea42a90f-a486-49fb-bb87-41d17c099e07/element/00000000-0000-01b8-ffff-ffff00000009/clear[39m
[35m[HTTP][39m [90m{"id":"00000000-0000-01b8-ffff-ffff00000009"}[39m
[35m[HTTP][39m [37m<-- POST /wd/hub/session/ea42a90f-a486-49fb-bb87-41d17c099e07/element/00000000-0000-01b8-ffff-ffff00000009/clear [39m[32m200[39m [90m25 ms - 14[39m
[35m[HTTP][39m [90m[39m
[35m[HTTP][39m [37m-->[39m [37mGET[39m [37m/wd/hub/session/ea42a90f-a486-49fb-bb87-41d17c099e07/source[39m
[35m[HTTP][39m [90m{}[39m
[35m[W3C (ea42a90f)][39m Driver proxy active, passing request on via HTTP proxy
[35m[WD Proxy][39m Replacing sessionId 3f30cae5-7ef0-40ef-a326-4e605496fffa with ea42a90f-a486-49fb-bb87-41d17c099e07
[35m[HTTP][39m [37m<-- GET /wd/hub/session/ea42a90f-a486-49fb-bb87-41d17c099e07/source [39m[32m200[39m [90m65 ms - 7368[39m
[35m[HTTP][39m [90m[39m
[35m[HTTP][39m [37m-->[39m [37mGET[39m [37m/wd/hub/session/ea42a90f-a486-49fb-bb87-41d17c099e07/screenshot[39m
[35m[HTTP][39m [90m{}[39m
[35m[HTTP][39m [37m<-- GET /wd/hub/session/ea42a90f-a486-49fb-bb87-41d17c099e07/screenshot [39m[32m200[39m [90m425 ms - 288580[39m
[35m[HTTP][39m [90m[39m
[35m[HTTP][39m [37m-->[39m [37mPOST[39m [37m/wd/hub/session/ea42a90f-a486-49fb-bb87-41d17c099e07/elements[39m
[35m[HTTP][39m [90m{"using":"xpath","value":"//*[@class = 'android.widget.EditText' and (@text = '•••••••' or . = '•••••••') and @resource-id = 'com.loginmodule.learning:id/textInputEditTextPassword']"}[39m
[35m[HTTP][39m [37m<-- POST /wd/hub/session/ea42a90f-a486-49fb-bb87-41d17c099e07/elements [39m[32m200[39m [90m77 ms - 139[39m
[35m[HTTP][39m [90m[39m
[35m[HTTP][39m [37m-->[39m [37mGET[39m [37m/wd/hub/session/ea42a90f-a486-49fb-bb87-41d17c099e07/window/rect[39m
[35m[HTTP][39m [90m{}[39m
[35m[HTTP][39m [37m<-- GET /wd/hub/session/ea42a90f-a486-49fb-bb87-41d17c099e07/window/rect [39m[32m200[39m [90m10 ms - 50[39m
[35m[HTTP][39m [90m[39m
[35m[HTTP][39m [37m-->[39m [37mPOST[39m [37m/wd/hub/session/ea42a90f-a486-49fb-bb87-41d17c099e07/elements[39m
[35m[HTTP][39m [90m{"using":"xpath","value":"//*[@class = 'android.widget.EditText' and (@text = '•••••••' or . = '•••••••') and @resource-id = 'com.loginmodule.learning:id/textInputEditTextPassword']"}[39m
[35m[HTTP][39m [37m<-- POST /wd/hub/session/ea42a90f-a486-49fb-bb87-41d17c099e07/elements [39m[32m200[39m [90m69 ms - 139[39m
[35m[HTTP][39m [90m[39m
[35m[HTTP][39m [37m-->[39m [37mGET[39m [37m/wd/hub/session/ea42a90f-a486-49fb-bb87-41d17c099e07/element/00000000-0000-01b8-ffff-ffff0000000b/location[39m
[35m[HTTP][39m [90m{}[39m
[35m[W3C (ea42a90f)][39m Driver proxy active, passing request on via HTTP proxy
[35m[WD Proxy][39m Replacing sessionId 3f30cae5-7ef0-40ef-a326-4e605496fffa with ea42a90f-a486-49fb-bb87-41d17c099e07
[35m[HTTP][39m [37m<-- GET /wd/hub/session/ea42a90f-a486-49fb-bb87-41d17c099e07/element/00000000-0000-01b8-ffff-ffff0000000b/location [39m[32m200[39m [90m20 ms - 78[39m
[35m[HTTP][39m [90m[39m
[35m[HTTP][39m [37m-->[39m [37mPOST[39m [37m/wd/hub/session/ea42a90f-a486-49fb-bb87-41d17c099e07/element/00000000-0000-01b8-ffff-ffff0000000b/clear[39m
[35m[HTTP][39m [90m{"id":"00000000-0000-01b8-ffff-ffff0000000b"}[39m
[35m[HTTP][39m [37m<-- POST /wd/hub/session/ea42a90f-a486-49fb-bb87-41d17c099e07/element/00000000-0000-01b8-ffff-ffff0000000b/clear [39m[32m200[39m [90m34 ms - 14[39m
[35m[HTTP][39m [90m[39m
[35m[HTTP][39m [37m-->[39m [37mGET[39m [37m/wd/hub/session/ea42a90f-a486-49fb-bb87-41d17c099e07/source[39m
[35m[HTTP][39m [90m{}[39m
[35m[W3C (ea42a90f)][39m Driver proxy active, passing request on via HTTP proxy
[35m[WD Proxy][39m Replacing sessionId 3f30cae5-7ef0-40ef-a326-4e605496fffa with ea42a90f-a486-49fb-bb87-41d17c099e07
[35m[HTTP][39m [37m<-- GET /wd/hub/session/ea42a90f-a486-49fb-bb87-41d17c099e07/source [39m[32m200[39m [90m52 ms - 7347[39m
[35m[HTTP][39m [90m[39m
[35m[HTTP][39m [37m-->[39m [37mGET[39m [37m/wd/hub/session/ea42a90f-a486-49fb-bb87-41d17c099e07/screenshot[39m
[35m[HTTP][39m [90m{}[39m
[35m[HTTP][39m [37m<-- GET /wd/hub/session/ea42a90f-a486-49fb-bb87-41d17c099e07/screenshot [39m[32m200[39m [90m381 ms - 287558[39m
[35m[HTTP][39m [90m[39m
[35m[HTTP][39m [37m-->[39m [37mPOST[39m [37m/wd/hub/session/ea42a90f-a486-49fb-bb87-41d17c099e07/elements[39m
[35m[HTTP][39m [90m{"using":"xpath","value":"//*[@class = 'android.widget.EditText' and @resource-id = 'com.loginmodule.learning:id/textInputEditTextEmail' and (@text = '' or . = '')]"}[39m
[35m[HTTP][39m [37m<-- POST /wd/hub/session/ea42a90f-a486-49fb-bb87-41d17c099e07/elements [39m[32m200[39m [90m82 ms - 139[39m
[35m[HTTP][39m [90m[39m
[35m[HTTP][39m [37m-->[39m [37mGET[39m [37m/wd/hub/session/ea42a90f-a486-49fb-bb87-41d17c099e07/window/rect[39m
[35m[HTTP][39m [90m{}[39m
[35m[HTTP][39m [37m<-- GET /wd/hub/session/ea42a90f-a486-49fb-bb87-41d17c099e07/window/rect [39m[32m200[39m [90m13 ms - 50[39m
[35m[HTTP][39m [90m[39m
[35m[HTTP][39m [37m-->[39m [37mPOST[39m [37m/wd/hub/session/ea42a90f-a486-49fb-bb87-41d17c099e07/elements[39m
[35m[HTTP][39m [90m{"using":"xpath","value":"//*[@class = 'android.widget.EditText' and @resource-id = 'com.loginmodule.learning:id/textInputEditTextEmail' and (@text = '' or . = '')]"}[39m
[35m[HTTP][39m [37m<-- POST /wd/hub/session/ea42a90f-a486-49fb-bb87-41d17c099e07/elements [39m[32m200[39m [90m67 ms - 139[39m
[35m[HTTP][39m [90m[39m
[35m[HTTP][39m [37m-->[39m [37mGET[39m [37m/wd/hub/session/ea42a90f-a486-49fb-bb87-41d17c099e07/element/00000000-0000-01b8-ffff-ffff00000009/location[39m
[35m[HTTP][39m [90m{}[39m
[35m[W3C (ea42a90f)][39m Driver proxy active, passing request on via HTTP proxy
[35m[WD Proxy][39m Replacing sessionId 3f30cae5-7ef0-40ef-a326-4e605496fffa with ea42a90f-a486-49fb-bb87-41d17c099e07
[35m[HTTP][39m [37m<-- GET /wd/hub/session/ea42a90f-a486-49fb-bb87-41d17c099e07/element/00000000-0000-01b8-ffff-ffff00000009/location [39m[32m200[39m [90m18 ms - 77[39m
[35m[HTTP][39m [90m[39m
[35m[HTTP][39m [37m-->[39m [37mPOST[39m [37m/wd/hub/session/ea42a90f-a486-49fb-bb87-41d17c099e07/element/00000000-0000-01b8-ffff-ffff00000009/value[39m
[35m[HTTP][39m [90m{"id":"00000000-0000-01b8-ffff-ffff00000009","text":"test01@mailnesia.com","value":["t","e","s","t","0","1","@","m","a","i","l","n","e","s","i","a",".","c","o","m"]}[39m
[35m[HTTP][39m [37m<-- POST /wd/hub/session/ea42a90f-a486-49fb-bb87-41d17c099e07/element/00000000-0000-01b8-ffff-ffff00000009/value [39m[32m200[39m [90m37 ms - 14[39m
[35m[HTTP][39m [90m[39m
[35m[HTTP][39m [37m-->[39m [37mGET[39m [37m/wd/hub/session/ea42a90f-a486-49fb-bb87-41d17c099e07/source[39m
[35m[HTTP][39m [90m{}[39m
[35m[W3C (ea42a90f)][39m Driver proxy active, passing request on via HTTP proxy
[35m[WD Proxy][39m Replacing sessionId 3f30cae5-7ef0-40ef-a326-4e605496fffa with ea42a90f-a486-49fb-bb87-41d17c099e07
[35m[HTTP][39m [37m<-- GET /wd/hub/session/ea42a90f-a486-49fb-bb87-41d17c099e07/source [39m[32m200[39m [90m50 ms - 7367[39m
[35m[HTTP][39m [90m[39m
[35m[HTTP][39m [37m-->[39m [37mGET[39m [37m/wd/hub/session/ea42a90f-a486-49fb-bb87-41d17c099e07/screenshot[39m
[35m[HTTP][39m [90m{}[39m
[35m[HTTP][39m [37m<-- GET /wd/hub/session/ea42a90f-a486-49fb-bb87-41d17c099e07/screenshot [39m[32m200[39m [90m387 ms - 299738[39m
[35m[HTTP][39m [90m[39m
[35m[HTTP][39m [37m-->[39m [37mPOST[39m [37m/wd/hub/session/ea42a90f-a486-49fb-bb87-41d17c099e07/elements[39m
[35m[HTTP][39m [90m{"using":"xpath","value":"//*[@class = 'android.widget.EditText' and @resource-id = 'com.loginmodule.learning:id/textInputEditTextPassword' and (@text = '' or . = '')]"}[39m
[35m[HTTP][39m [37m<-- POST /wd/hub/session/ea42a90f-a486-49fb-bb87-41d17c099e07/elements [39m[32m200[39m [90m56 ms - 139[39m
[35m[HTTP][39m [90m[39m
[35m[HTTP][39m [37m-->[39m [37mGET[39m [37m/wd/hub/session/ea42a90f-a486-49fb-bb87-41d17c099e07/window/rect[39m
[35m[HTTP][39m [90m{}[39m
[35m[HTTP][39m [37m<-- GET /wd/hub/session/ea42a90f-a486-49fb-bb87-41d17c099e07/window/rect [39m[32m200[39m [90m8 ms - 50[39m
[35m[HTTP][39m [90m[39m
[35m[HTTP][39m [37m-->[39m [37mPOST[39m [37m/wd/hub/session/ea42a90f-a486-49fb-bb87-41d17c099e07/elements[39m
[35m[HTTP][39m [90m{"using":"xpath","value":"//*[@class = 'android.widget.EditText' and @resource-id = 'com.loginmodule.learning:id/textInputEditTextPassword' and (@text = '' or . = '')]"}[39m
[35m[HTTP][39m [37m<-- POST /wd/hub/session/ea42a90f-a486-49fb-bb87-41d17c099e07/elements [39m[32m200[39m [90m77 ms - 139[39m
[35m[HTTP][39m [90m[39m
[35m[HTTP][39m [37m-->[39m [37mGET[39m [37m/wd/hub/session/ea42a90f-a486-49fb-bb87-41d17c099e07/element/00000000-0000-01b8-ffff-ffff0000000b/location[39m
[35m[HTTP][39m [90m{}[39m
[35m[W3C (ea42a90f)][39m Driver proxy active, passing request on via HTTP proxy
[35m[WD Proxy][39m Replacing sessionId 3f30cae5-7ef0-40ef-a326-4e605496fffa with ea42a90f-a486-49fb-bb87-41d17c099e07
[35m[HTTP][39m [37m<-- GET /wd/hub/session/ea42a90f-a486-49fb-bb87-41d17c099e07/element/00000000-0000-01b8-ffff-ffff0000000b/location [39m[32m200[39m [90m19 ms - 78[39m
[35m[HTTP][39m [90m[39m
[35m[HTTP][39m [37m-->[39m [37mPOST[39m [37m/wd/hub/session/ea42a90f-a486-49fb-bb87-41d17c099e07/element/00000000-0000-01b8-ffff-ffff0000000b/click[39m
[35m[HTTP][39m [90m{"id":"00000000-0000-01b8-ffff-ffff0000000b"}[39m
[35m[HTTP][39m [37m<-- POST /wd/hub/session/ea42a90f-a486-49fb-bb87-41d17c099e07/element/00000000-0000-01b8-ffff-ffff0000000b/click [39m[32m200[39m [90m555 ms - 14[39m
[35m[HTTP][39m [90m[39m
[35m[HTTP][39m [37m-->[39m [37mGET[39m [37m/wd/hub/session/ea42a90f-a486-49fb-bb87-41d17c099e07/source[39m
[35m[HTTP][39m [90m{}[39m
[35m[W3C (ea42a90f)][39m Driver proxy active, passing request on via HTTP proxy
[35m[WD Proxy][39m Replacing sessionId 3f30cae5-7ef0-40ef-a326-4e605496fffa with ea42a90f-a486-49fb-bb87-41d17c099e07
[35m[HTTP][39m [37m<-- GET /wd/hub/session/ea42a90f-a486-49fb-bb87-41d17c099e07/source [39m[32m200[39m [90m58 ms - 7367[39m
[35m[HTTP][39m [90m[39m
[35m[HTTP][39m [37m-->[39m [37mGET[39m [37m/wd/hub/session/ea42a90f-a486-49fb-bb87-41d17c099e07/screenshot[39m
[35m[HTTP][39m [90m{}[39m
[35m[HTTP][39m [37m<-- GET /wd/hub/session/ea42a90f-a486-49fb-bb87-41d17c099e07/screenshot [39m[32m200[39m [90m388 ms - 299698[39m
[35m[HTTP][39m [90m[39m
[35m[HTTP][39m [37m-->[39m [37mPOST[39m [37m/wd/hub/session/ea42a90f-a486-49fb-bb87-41d17c099e07/elements[39m
[35m[HTTP][39m [90m{"using":"xpath","value":"//*[@class = 'android.widget.EditText' and @resource-id = 'com.loginmodule.learning:id/textInputEditTextPassword' and (@text = '' or . = '')]"}[39m
[35m[HTTP][39m [37m<-- POST /wd/hub/session/ea42a90f-a486-49fb-bb87-41d17c099e07/elements [39m[32m200[39m [90m71 ms - 139[39m
[35m[HTTP][39m [90m[39m
[35m[HTTP][39m [37m-->[39m [37mGET[39m [37m/wd/hub/session/ea42a90f-a486-49fb-bb87-41d17c099e07/window/rect[39m
[35m[HTTP][39m [90m{}[39m
[35m[HTTP][39m [37m<-- GET /wd/hub/session/ea42a90f-a486-49fb-bb87-41d17c099e07/window/rect [39m[32m200[39m [90m16 ms - 50[39m
[35m[HTTP][39m [90m[39m
[35m[HTTP][39m [37m-->[39m [37mPOST[39m [37m/wd/hub/session/ea42a90f-a486-49fb-bb87-41d17c099e07/elements[39m
[35m[HTTP][39m [90m{"using":"xpath","value":"//*[@class = 'android.widget.EditText' and @resource-id = 'com.loginmodule.learning:id/textInputEditTextPassword' and (@text = '' or . = '')]"}[39m
[35m[HTTP][39m [37m<-- POST /wd/hub/session/ea42a90f-a486-49fb-bb87-41d17c099e07/elements [39m[32m200[39m [90m59 ms - 139[39m
[35m[HTTP][39m [90m[39m
[35m[HTTP][39m [37m-->[39m [37mGET[39m [37m/wd/hub/session/ea42a90f-a486-49fb-bb87-41d17c099e07/element/00000000-0000-01b8-ffff-ffff0000000b/location[39m
[35m[HTTP][39m [90m{}[39m
[35m[W3C (ea42a90f)][39m Driver proxy active, passing request on via HTTP proxy
[35m[WD Proxy][39m Replacing sessionId 3f30cae5-7ef0-40ef-a326-4e605496fffa with ea42a90f-a486-49fb-bb87-41d17c099e07
[35m[HTTP][39m [37m<-- GET /wd/hub/session/ea42a90f-a486-49fb-bb87-41d17c099e07/element/00000000-0000-01b8-ffff-ffff0000000b/location [39m[32m200[39m [90m20 ms - 78[39m
[35m[HTTP][39m [90m[39m
[35m[HTTP][39m [37m-->[39m [37mPOST[39m [37m/wd/hub/session/ea42a90f-a486-49fb-bb87-41d17c099e07/element/00000000-0000-01b8-ffff-ffff0000000b/value[39m
[35m[HTTP][39m [90m{"id":"00000000-0000-01b8-ffff-ffff0000000b","text":"test001","value":["t","e","s","t","0","0","1"]}[39m
[35m[HTTP][39m [37m<-- POST /wd/hub/session/ea42a90f-a486-49fb-bb87-41d17c099e07/element/00000000-0000-01b8-ffff-ffff0000000b/value [39m[32m200[39m [90m41 ms - 14[39m
[35m[HTTP][39m [90m[39m
[35m[HTTP][39m [37m-->[39m [37mGET[39m [37m/wd/hub/session/ea42a90f-a486-49fb-bb87-41d17c099e07/source[39m
[35m[HTTP][39m [90m{}[39m
[35m[W3C (ea42a90f)][39m Driver proxy active, passing request on via HTTP proxy
[35m[WD Proxy][39m Replacing sessionId 3f30cae5-7ef0-40ef-a326-4e605496fffa with ea42a90f-a486-49fb-bb87-41d17c099e07
[35m[HTTP][39m [37m<-- GET /wd/hub/session/ea42a90f-a486-49fb-bb87-41d17c099e07/source [39m[32m200[39m [90m49 ms - 7388[39m
[35m[HTTP][39m [90m[39m
[35m[HTTP][39m [37m-->[39m [37mGET[39m [37m/wd/hub/session/ea42a90f-a486-49fb-bb87-41d17c099e07/screenshot[39m
[35m[HTTP][39m [90m{}[39m
[35m[HTTP][39m [37m<-- GET /wd/hub/session/ea42a90f-a486-49fb-bb87-41d17c099e07/screenshot [39m[32m200[39m [90m387 ms - 299932[39m
[35m[HTTP][39m [90m[39m
[35m[HTTP][39m [37m-->[39m [37mGET[39m [37m/wd/hub/session/ea42a90f-a486-49fb-bb87-41d17c099e07/context[39m
[35m[HTTP][39m [90m{}[39m
[35m[HTTP][39m [37m<-- GET /wd/hub/session/ea42a90f-a486-49fb-bb87-41d17c099e07/context [39m[32m200[39m [90m1 ms - 22[39m
[35m[HTTP][39m [90m[39m
[35m[HTTP][39m [37m-->[39m [37mGET[39m [37m/wd/hub/session/ea42a90f-a486-49fb-bb87-41d17c099e07/contexts[39m
[35m[HTTP][39m [90m{}[39m
[35m[HTTP][39m [37m<-- GET /wd/hub/session/ea42a90f-a486-49fb-bb87-41d17c099e07/contexts [39m[32m200[39m [90m231 ms - 41[39m
[35m[HTTP][39m [90m[39m
[35m[HTTP][39m [37m-->[39m [37mPOST[39m [37m/wd/hub/session/ea42a90f-a486-49fb-bb87-41d17c099e07/context[39m
[35m[HTTP][39m [90m{"name":"NATIVE_APP"}[39m
[35m[HTTP][39m [37m<-- POST /wd/hub/session/ea42a90f-a486-49fb-bb87-41d17c099e07/context [39m[32m200[39m [90m1 ms - 14[39m
[35m[HTTP][39m [90m[39m
[35m[HTTP][39m [37m-->[39m [37mPOST[39m [37m/wd/hub/session/ea42a90f-a486-49fb-bb87-41d17c099e07/appium/device/hide_keyboard[39m
[35m[HTTP][39m [90m{}[39m
[35m[HTTP][39m [37m<-- POST /wd/hub/session/ea42a90f-a486-49fb-bb87-41d17c099e07/appium/device/hide_keyboard [39m[32m200[39m [90m1635 ms - 14[39m
[35m[HTTP][39m [90m[39m
[35m[HTTP][39m [37m-->[39m [37mPOST[39m [37m/wd/hub/session/ea42a90f-a486-49fb-bb87-41d17c099e07/context[39m
[35m[HTTP][39m [90m{"name":"NATIVE_APP"}[39m
[35m[HTTP][39m [37m<-- POST /wd/hub/session/ea42a90f-a486-49fb-bb87-41d17c099e07/context [39m[32m200[39m [90m1 ms - 14[39m
[35m[HTTP][39m [90m[39m
[35m[HTTP][39m [37m-->[39m [37mGET[39m [37m/wd/hub/session/ea42a90f-a486-49fb-bb87-41d17c099e07/source[39m
[35m[HTTP][39m [90m{}[39m
[35m[W3C (ea42a90f)][39m Driver proxy active, passing request on via HTTP proxy
[35m[WD Proxy][39m Replacing sessionId 3f30cae5-7ef0-40ef-a326-4e605496fffa with ea42a90f-a486-49fb-bb87-41d17c099e07
[35m[HTTP][39m [37m<-- GET /wd/hub/session/ea42a90f-a486-49fb-bb87-41d17c099e07/source [39m[32m200[39m [90m50 ms - 7865[39m
[35m[HTTP][39m [90m[39m
[35m[HTTP][39m [37m-->[39m [37mGET[39m [37m/wd/hub/session/ea42a90f-a486-49fb-bb87-41d17c099e07/screenshot[39m
[35m[HTTP][39m [90m{}[39m
[35m[HTTP][39m [37m<-- GET /wd/hub/session/ea42a90f-a486-49fb-bb87-41d17c099e07/screenshot [39m[32m200[39m [90m319 ms - 142662[39m
[35m[HTTP][39m [90m[39m
[35m[HTTP][39m [37m-->[39m [37mPOST[39m [37m/wd/hub/session/ea42a90f-a486-49fb-bb87-41d17c099e07/elements[39m
[35m[HTTP][39m [90m{"using":"xpath","value":"//*[@class = 'android.widget.Button' and (@text = 'LOGIN' or . = 'LOGIN') and @resource-id = 'com.loginmodule.learning:id/appCompatButtonLogin']"}[39m
[35m[HTTP][39m [37m<-- POST /wd/hub/session/ea42a90f-a486-49fb-bb87-41d17c099e07/elements [39m[32m200[39m [90m73 ms - 139[39m
[35m[HTTP][39m [90m[39m
[35m[HTTP][39m [37m-->[39m [37mGET[39m [37m/wd/hub/session/ea42a90f-a486-49fb-bb87-41d17c099e07/window/rect[39m
[35m[HTTP][39m [90m{}[39m
[35m[HTTP][39m [37m<-- GET /wd/hub/session/ea42a90f-a486-49fb-bb87-41d17c099e07/window/rect [39m[32m200[39m [90m10 ms - 50[39m
[35m[HTTP][39m [90m[39m
[35m[HTTP][39m [37m-->[39m [37mPOST[39m [37m/wd/hub/session/ea42a90f-a486-49fb-bb87-41d17c099e07/elements[39m
[35m[HTTP][39m [90m{"using":"xpath","value":"//*[@class = 'android.widget.Button' and (@text = 'LOGIN' or . = 'LOGIN') and @resource-id = 'com.loginmodule.learning:id/appCompatButtonLogin']"}[39m
[35m[HTTP][39m [37m<-- POST /wd/hub/session/ea42a90f-a486-49fb-bb87-41d17c099e07/elements [39m[32m200[39m [90m83 ms - 139[39m
[35m[HTTP][39m [90m[39m
[35m[HTTP][39m [37m-->[39m [37mGET[39m [37m/wd/hub/session/ea42a90f-a486-49fb-bb87-41d17c099e07/element/00000000-0000-01b8-ffff-ffff0000000c/location[39m
[35m[HTTP][39m [90m{}[39m
[35m[W3C (ea42a90f)][39m Driver proxy active, passing request on via HTTP proxy
[35m[WD Proxy][39m Replacing sessionId 3f30cae5-7ef0-40ef-a326-4e605496fffa with ea42a90f-a486-49fb-bb87-41d17c099e07
[35m[HTTP][39m [37m<-- GET /wd/hub/session/ea42a90f-a486-49fb-bb87-41d17c099e07/element/00000000-0000-01b8-ffff-ffff0000000c/location [39m[32m200[39m [90m17 ms - 78[39m
[35m[HTTP][39m [90m[39m
[35m[HTTP][39m [37m-->[39m [37mPOST[39m [37m/wd/hub/session/ea42a90f-a486-49fb-bb87-41d17c099e07/element/00000000-0000-01b8-ffff-ffff0000000c/click[39m
[35m[HTTP][39m [90m{"id":"00000000-0000-01b8-ffff-ffff0000000c"}[39m
[35m[HTTP][39m [37m<-- POST /wd/hub/session/ea42a90f-a486-49fb-bb87-41d17c099e07/element/00000000-0000-01b8-ffff-ffff0000000c/click [39m[32m200[39m [90m653 ms - 14[39m
[35m[HTTP][39m [90m[39m
[35m[HTTP][39m [37m-->[39m [37mGET[39m [37m/wd/hub/session/ea42a90f-a486-49fb-bb87-41d17c099e07/source[39m
[35m[HTTP][39m [90m{}[39m
[35m[W3C (ea42a90f)][39m Driver proxy active, passing request on via HTTP proxy
[35m[WD Proxy][39m Replacing sessionId 3f30cae5-7ef0-40ef-a326-4e605496fffa with ea42a90f-a486-49fb-bb87-41d17c099e07
[35m[HTTP][39m [37m<-- GET /wd/hub/session/ea42a90f-a486-49fb-bb87-41d17c099e07/source [39m[32m200[39m [90m73 ms - 7909[39m
[35m[HTTP][39m [90m[39m
[35m[HTTP][39m [37m-->[39m [37mGET[39m [37m/wd/hub/session/ea42a90f-a486-49fb-bb87-41d17c099e07/screenshot[39m
[35m[HTTP][39m [90m{}[39m
[35m[HTTP][39m [37m<-- GET /wd/hub/session/ea42a90f-a486-49fb-bb87-41d17c099e07/screenshot [39m[32m200[39m [90m330 ms - 147408[39m
[35m[HTTP][39m [90m[39m
[35m[HTTP][39m [37m-->[39m [37mPOST[39m [37m/wd/hub/session/ea42a90f-a486-49fb-bb87-41d17c099e07/elements[39m
[35m[HTTP][39m [90m{"using":"xpath","value":"//*[@class = 'android.widget.TextView' and (@text = 'Wrong Email or Password' or . = 'Wrong Email or Password') and @resource-id = 'com.loginmodule.learning:id/snackbar_text']"}[39m
[35m[HTTP][39m [37m<-- POST /wd/hub/session/ea42a90f-a486-49fb-bb87-41d17c099e07/elements [39m[32m200[39m [90m60068 ms - 12[39m
[35m[HTTP][39m [90m[39m
[35m[HTTP][39m [37m-->[39m [37mPOST[39m [37m/wd/hub/session/ea42a90f-a486-49fb-bb87-41d17c099e07/elements[39m
[35m[HTTP][39m [90m{"using":"id","value":"com.loginmodule.learning:id/snackbar_text"}[39m
[35m[HTTP][39m [37m<-- POST /wd/hub/session/ea42a90f-a486-49fb-bb87-41d17c099e07/elements [39m[32m200[39m [90m60047 ms - 12[39m
[35m[HTTP][39m [90m[39m
[35m[HTTP][39m [37m-->[39m [37mPOST[39m [37m/wd/hub/session/ea42a90f-a486-49fb-bb87-41d17c099e07/elements[39m
[35m[HTTP][39m [90m{"using":"-android uiautomator","value":"new UiSelector().className(\"android.widget.TextView\").text(\"Wrong Email or Password\").resourceId(\"com.loginmodule.learning:id/snackbar_text\")"}[39m
[35m[HTTP][39m [37m<-- POST /wd/hub/session/ea42a90f-a486-49fb-bb87-41d17c099e07/elements [39m[32m200[39m [90m60077 ms - 12[39m
[35m[HTTP][39m [90m[39m
[35m[HTTP][39m [37m-->[39m [37mGET[39m [37m/wd/hub/session/ea42a90f-a486-49fb-bb87-41d17c099e07/window/rect[39m
[35m[HTTP][39m [90m{}[39m
[35m[HTTP][39m [37m<-- GET /wd/hub/session/ea42a90f-a486-49fb-bb87-41d17c099e07/window/rect [39m[32m200[39m [90m13 ms - 50[39m
[35m[HTTP][39m [90m[39m
[35m[HTTP][39m [37m-->[39m [37mPOST[39m [37m/wd/hub/session/ea42a90f-a486-49fb-bb87-41d17c099e07/elements[39m
[35m[HTTP][39m [90m{"using":"xpath","value":"//hierarchy/android.widget.FrameLayout[1]/android.widget.LinearLayout[1]/android.widget.FrameLayout[1]/android.view.ViewGroup[1]/android.widget.FrameLayout[1]/android.widget.LinearLayout[1]/android.widget.TextView[1]"}[39m
[35m[HTTP][39m [37m<-- POST /wd/hub/session/ea42a90f-a486-49fb-bb87-41d17c099e07/elements [39m[32m200[39m [90m60061 ms - 12[39m
[35m[HTTP][39m [90m[39m
[35m[HTTP][39m [37m-->[39m [37mPOST[39m [37m/wd/hub/session/ea42a90f-a486-49fb-bb87-41d17c099e07/elements[39m
[35m[HTTP][39m [90m{"using":"xpath","value":"//*[@class = 'android.widget.TextView' and (@text = 'Wrong Email or Password' or . = 'Wrong Email or Password') and @resource-id = 'com.loginmodule.learning:id/snackbar_text']"}[39m
[35m[HTTP][39m [37m<-- POST /wd/hub/session/ea42a90f-a486-49fb-bb87-41d17c099e07/elements [39m[31m500[39m [90m34739 ms - 2825[39m
[35m[HTTP][39m [90m[39m
[35m[HTTP][39m [37m-->[39m [37mDELETE[39m [37m/wd/hub/session/ea42a90f-a486-49fb-bb87-41d17c099e07[39m
[35m[HTTP][39m [90m{}[39m
[35m[Appium][39m Removing session ea42a90f-a486-49fb-bb87-41d17c099e07 from our master session list
[35m[UiAutomator2][39m Did not get confirmation UiAutomator2 deleteSession worked; Error was: UnknownError: An unknown server-side error occurred while processing the command. Original error: 'DELETE /' cannot be proxied to UiAutomator2 server because the instrumentation process is not running (probably crashed). Check the server log and/or the logcat output for more details
[35m[UiAutomator2][39m Unable to remove system port forward: Error executing adbExec. Original error: 'Command 'C:\\Users\\Lenovo\\.katalon\\tools\\android_sdk\\platform-tools\\adb.exe -P 5037 -s d0f7c543 forward --remove tcp\:8266' exited with code 1'; Command output: adb.exe: error: listener 'tcp:8266' not found
[35m[UiAutomator2][39m 
[35m[UiAutomator2][39m Restoring hidden api policy to the device default configuration
[35m[HTTP][39m [37m<-- DELETE /wd/hub/session/ea42a90f-a486-49fb-bb87-41d17c099e07 [39m[32m200[39m [90m319 ms - 14[39m
[35m[HTTP][39m [90m[39m
